<?xml version="1.0" encoding="UTF-8"?>
<testng-results ignored="0" total="3" passed="2" failed="1" skipped="0">
  <reporter-output>
  </reporter-output>
  <suite started-at="2023-09-11T11:29:33 IST" name="Default suite" finished-at="2023-09-11T11:29:44 IST" duration-ms="11013">
    <groups>
    </groups>
    <test started-at="2023-09-11T11:29:33 IST" name="Default test" finished-at="2023-09-11T11:29:44 IST" duration-ms="11013">
      <class name="Tests.WebTableToCSVGenerateTest">
        <test-method is-config="true" signature="beforeclass()[pri:0, instance:Tests.WebTableToCSVGenerateTest@48ae9b55]" started-at="2023-09-11T11:29:33 IST" name="beforeclass" finished-at="2023-09-11T11:29:38 IST" duration-ms="5060" status="PASS">
          <reporter-output>
          </reporter-output>
        </test-method> <!-- beforeclass -->
        <test-method signature="gotoPage()[pri:0, instance:Tests.WebTableToCSVGenerateTest@48ae9b55]" started-at="2023-09-11T11:29:38 IST" name="gotoPage" finished-at="2023-09-11T11:29:41 IST" duration-ms="3597" status="PASS">
          <reporter-output>
          </reporter-output>
        </test-method> <!-- gotoPage -->
        <test-method signature="validatePage()[pri:1, instance:Tests.WebTableToCSVGenerateTest@48ae9b55]" started-at="2023-09-11T11:29:41 IST" name="validatePage" finished-at="2023-09-11T11:29:41 IST" duration-ms="87" status="PASS">
          <reporter-output>
          </reporter-output>
        </test-method> <!-- validatePage -->
        <test-method signature="downloadFiles()[pri:2, instance:Tests.WebTableToCSVGenerateTest@48ae9b55]" started-at="2023-09-11T11:29:41 IST" name="downloadFiles" finished-at="2023-09-11T11:29:43 IST" duration-ms="2161" status="FAIL">
          <exception class="java.lang.Error">
            <message>
              <![CDATA[Unresolved compilation problem: 
dateFormat cannot be resolved
]]>
            </message>
            <full-stacktrace>
              <![CDATA[java.lang.Error: Unresolved compilation problem: 
dateFormat cannot be resolved

at pageActions.WebTableToCVSGeneratePageAction.generateCSVFile(WebTableToCVSGeneratePageAction.java:60)
at Tests.WebTableToCSVGenerateTest.downloadFiles(WebTableToCSVGenerateTest.java:39)
at java.base/jdk.internal.reflect.NativeMethodAccessorImpl.invoke0(Native Method)
at java.base/jdk.internal.reflect.NativeMethodAccessorImpl.invoke(NativeMethodAccessorImpl.java:62)
at java.base/jdk.internal.reflect.DelegatingMethodAccessorImpl.invoke(DelegatingMethodAccessorImpl.java:43)
at java.base/java.lang.reflect.Method.invoke(Method.java:567)
at org.testng.internal.MethodInvocationHelper.invokeMethod(MethodInvocationHelper.java:135)
at org.testng.internal.TestInvoker.invokeMethod(TestInvoker.java:598)
at org.testng.internal.TestInvoker.invokeTestMethod(TestInvoker.java:174)
at org.testng.internal.MethodRunner.runInSequence(MethodRunner.java:46)
at org.testng.internal.TestInvoker$MethodInvocationAgent.invoke(TestInvoker.java:821)
at org.testng.internal.TestInvoker.invokeTestMethods(TestInvoker.java:147)
at org.testng.internal.TestMethodWorker.invokeTestMethods(TestMethodWorker.java:146)
at org.testng.internal.TestMethodWorker.run(TestMethodWorker.java:128)
at java.base/java.util.ArrayList.forEach(ArrayList.java:1540)
at org.testng.TestRunner.privateRun(TestRunner.java:767)
at org.testng.TestRunner.run(TestRunner.java:588)
at org.testng.SuiteRunner.runTest(SuiteRunner.java:384)
at org.testng.SuiteRunner.runSequentially(SuiteRunner.java:378)
at org.testng.SuiteRunner.privateRun(SuiteRunner.java:337)
at org.testng.SuiteRunner.run(SuiteRunner.java:286)
at org.testng.SuiteRunnerWorker.runSuite(SuiteRunnerWorker.java:53)
at org.testng.SuiteRunnerWorker.run(SuiteRunnerWorker.java:96)
at org.testng.TestNG.runSuitesSequentially(TestNG.java:1214)
at org.testng.TestNG.runSuitesLocally(TestNG.java:1136)
at org.testng.TestNG.runSuites(TestNG.java:1066)
at org.testng.TestNG.run(TestNG.java:1034)
at org.testng.remote.AbstractRemoteTestNG.run(AbstractRemoteTestNG.java:115)
at org.testng.remote.RemoteTestNG.initAndRun(RemoteTestNG.java:251)
at org.testng.remote.RemoteTestNG.main(RemoteTestNG.java:77)
]]>
            </full-stacktrace>
          </exception> <!-- java.lang.Error -->
          <reporter-output>
          </reporter-output>
        </test-method> <!-- downloadFiles -->
        <test-method is-config="true" signature="aftercall()[pri:0, instance:Tests.WebTableToCSVGenerateTest@48ae9b55]" started-at="2023-09-11T11:29:43 IST" name="aftercall" finished-at="2023-09-11T11:29:44 IST" duration-ms="53" status="PASS">
          <reporter-output>
          </reporter-output>
        </test-method> <!-- aftercall -->
      </class> <!-- Tests.WebTableToCSVGenerateTest -->
    </test> <!-- Default test -->
  </suite> <!-- Default suite -->
</testng-results>
