<?xml version="1.0" encoding="UTF-8"?>
<!-- Generated by org.testng.reporters.JUnitXMLReporter -->
<testsuite ignored="0" hostname="LAPTOP-OPOMJJ2G" failures="0" tests="3" name="Default test" time="30.003" errors="0" timestamp="2023-09-08T21:13:12 IST">
  <testcase classname="Tests.WebTableToCSVGenerateTest" name="gotoPage on null(Tests.WebTableToCSVGenerateTest)" time="3.394"/>
  <testcase classname="Tests.WebTableToCSVGenerateTest" name="validatePage on null(Tests.WebTableToCSVGenerateTest)" time="0.102"/>
  <testcase classname="Tests.WebTableToCSVGenerateTest" name="downloadFiles on null(Tests.WebTableToCSVGenerateTest)" time="2.336"/>
</testsuite> <!-- Default test -->
